<?xml version="1.0" encoding="UTF-8"?>
<!-- Generated by org.testng.reporters.JUnitReportReporter -->
<testsuite hostname="Shree" failures="0" tests="2" name="testNG_xml_Study.MyTest" time="0.011" errors="0" timestamp="2022-06-13T12:38:30 IST" skipped="0">
  <testcase classname="testNG_xml_Study.MyTest" name="myMethod4" time="0.001"/>
  <system-out>
    <![CDATA[my Method4 is Running]]>
  </system-out>
  <testcase classname="testNG_xml_Study.MyTest" name="myMethod3" time="0.010"/>
  <system-out>
    <![CDATA[my Method3 is Running]]>
  </system-out>
</testsuite> <!-- testNG_xml_Study.MyTest -->
