<?xml version="1.0" encoding="UTF-8"?>
<!-- Generated by org.testng.reporters.JUnitReportReporter -->
<testsuite hostname="Shree" failures="0" tests="4" name="testNGKeyWords.MultipleKeywordsUse" time="0.017" errors="0" timestamp="2022-06-13T11:19:23 IST" skipped="0">
  <testcase classname="testNGKeyWords.MultipleKeywordsUse" name="A" time="0.009"/>
  <system-out>
    <![CDATA[A is running]]>
  </system-out>
  <testcase classname="testNGKeyWords.MultipleKeywordsUse" name="D" time="0.001"/>
  <system-out>
    <![CDATA[D is running]]>
  </system-out>
  <testcase classname="testNGKeyWords.MultipleKeywordsUse" name="B" time="0.006"/>
  <system-out>
    <![CDATA[B is running]]>
  </system-out>
  <testcase classname="testNGKeyWords.MultipleKeywordsUse" name="C" time="0.001"/>
  <system-out>
    <![CDATA[C is running]]>
  </system-out>
</testsuite> <!-- testNGKeyWords.MultipleKeywordsUse -->
