<?xml version="1.0" encoding="UTF-8"?>
<!-- Generated by org.testng.reporters.JUnitReportReporter -->
<testsuite hostname="Shree" failures="0" tests="1" name="KiteWithExcel.testNG_Testclass" time="1.259" errors="0" timestamp="2022-06-21T15:59:47 IST" skipped="0">
  <testcase classname="KiteWithExcel.testNG_Testclass" name="LoginKiteZerodha" time="1.259"/>
  <system-out/>
</testsuite> <!-- KiteWithExcel.testNG_Testclass -->
