<?xml version="1.0" encoding="UTF-8"?>
<!-- Generated by org.testng.reporters.JUnitReportReporter -->
<testsuite hostname="Shree" failures="0" tests="2" name="testNG_xml_Study.MyTest3" time="0.010" errors="0" timestamp="2022-06-14T11:34:48 IST" skipped="0">
  <testcase classname="testNG_xml_Study.MyTest3" name="myMethod8" time="0.001"/>
  <system-out>
    <![CDATA[my Method8 is Running]]>
  </system-out>
  <testcase classname="testNG_xml_Study.MyTest3" name="myMethod6" time="0.009"/>
  <system-out>
    <![CDATA[my Method6 is Running]]>
  </system-out>
</testsuite> <!-- testNG_xml_Study.MyTest3 -->
