<?xml version="1.0" encoding="UTF-8"?>
<!-- Generated by org.testng.reporters.JUnitReportReporter -->
<testsuite hostname="Shree" failures="0" tests="1" name="KiteWithExcel.KiteTestClassUsingTestNG" time="5.252" errors="0" timestamp="2022-06-24T23:46:27 IST" skipped="0">
  <testcase classname="KiteWithExcel.KiteTestClassUsingTestNG" name="VerifyKiteUSerName" time="5.252"/>
  <system-out>
    <![CDATA[Validating userID on login button
Expected UserID and actual UserId are  matching TC is Passed]]>
  </system-out>
</testsuite> <!-- KiteWithExcel.KiteTestClassUsingTestNG -->
