<?xml version="1.0" encoding="UTF-8"?>
<!-- Generated by org.testng.reporters.JUnitReportReporter -->
<testsuite hostname="Shree" failures="0" tests="1" name="KiteAppTestClasses.FlipkartTestClass" time="0.009" errors="0" timestamp="2022-06-27T13:23:32 IST" skipped="0">
  <testcase classname="KiteAppTestClasses.FlipkartTestClass" name="f" time="0.009"/>
  <system-out/>
</testsuite> <!-- KiteAppTestClasses.FlipkartTestClass -->
