<?xml version="1.0" encoding="UTF-8"?>
<!-- Generated by org.testng.reporters.JUnitReportReporter -->
<testsuite hostname="Shree" failures="0" tests="2" name="testNG.NormalTestNG" time="8.395" errors="0" timestamp="2022-06-23T19:37:24 IST" skipped="0">
  <testcase classname="testNG.NormalTestNG" name="KiteLogin" time="3.908"/>
  <system-out/>
  <testcase classname="testNG.NormalTestNG" name="KiteLogin1" time="4.487"/>
  <system-out/>
</testsuite> <!-- testNG.NormalTestNG -->
