<?xml version="1.0" encoding="UTF-8"?>
<!-- Generated by org.testng.reporters.JUnitReportReporter -->
<testsuite hostname="Shree" failures="0" tests="2" name="testNG_Listner.MumbaiTest" time="0.009" errors="0" timestamp="2022-06-22T12:17:15 IST" skipped="0">
  <testcase classname="testNG_Listner.MumbaiTest" name="GhanSoli" time="0.008"/>
  <system-out>
    <![CDATA[ghanSoli TC is running
TC is Sucess.]]>
  </system-out>
  <testcase classname="testNG_Listner.MumbaiTest" name="Sanpada" time="0.001"/>
  <system-out>
    <![CDATA[Sanpada TC is running
TC is Sucess.]]>
  </system-out>
</testsuite> <!-- testNG_Listner.MumbaiTest -->
