<?xml version="1.0" encoding="UTF-8"?>
<!-- Generated by org.testng.reporters.JUnitReportReporter -->
<testsuite hostname="Shree" failures="0" tests="2" name="KiteWithExcel.KiteTestCrossBrowser" time="8.102" errors="0" timestamp="2022-06-24T23:58:56 IST" skipped="0">
  <testcase classname="KiteWithExcel.KiteTestCrossBrowser" name="verifyKiteUserName" time="4.260"/>
  <system-out>
    <![CDATA[Validating user ID 
Expected UserID and Actual UserID are matching TC is PASSED]]>
  </system-out>
  <testcase classname="KiteWithExcel.KiteTestCrossBrowser" name="verifyKiteUserName" time="3.842"/>
  <system-out>
    <![CDATA[Validating user ID 
Expected UserID and Actual UserID are matching TC is PASSED]]>
  </system-out>
</testsuite> <!-- KiteWithExcel.KiteTestCrossBrowser -->
