<?xml version="1.0" encoding="UTF-8"?>
<!-- Generated by org.testng.reporters.JUnitReportReporter -->
<testsuite hostname="Shree" failures="0" tests="1" name="testNGVerificationUsingAssert.AssertTrueAndAssertFalse" time="0.026" errors="0" timestamp="2022-06-15T13:41:20 IST" skipped="0">
  <testcase classname="testNGVerificationUsingAssert.AssertTrueAndAssertFalse" name="myMethod" time="0.026"/>
  <system-out>
    <![CDATA[value is false TC is PASSED]]>
  </system-out>
</testsuite> <!-- testNGVerificationUsingAssert.AssertTrueAndAssertFalse -->
