<?xml version="1.0" encoding="UTF-8"?>
<!-- Generated by org.testng.reporters.JUnitReportReporter -->
<testsuite hostname="Shree" failures="0" tests="2" name="testNG_xml_Study.MyTest4" time="0.002" errors="0" timestamp="2022-06-14T11:34:48 IST" skipped="0">
  <testcase classname="testNG_xml_Study.MyTest4" name="myMethod4" time="0.001"/>
  <system-out>
    <![CDATA[my Method4 is Running]]>
  </system-out>
  <testcase classname="testNG_xml_Study.MyTest4" name="myMethod1" time="0.001"/>
  <system-out>
    <![CDATA[my Method1 is Running]]>
  </system-out>
</testsuite> <!-- testNG_xml_Study.MyTest4 -->
