<?xml version="1.0" encoding="UTF-8"?>
<!-- Generated by org.testng.reporters.JUnitReportReporter -->
<testsuite hostname="Shree" failures="0" tests="2" name="testNG_SoftAssert.AssertEqualsAndAssertNotEquals" time="0.015" errors="0" timestamp="2022-06-24T23:38:31 IST" skipped="0">
  <testcase classname="testNG_SoftAssert.AssertEqualsAndAssertNotEquals" name="myMethod" time="0.013"/>
  <system-out/>
  <testcase classname="testNG_SoftAssert.AssertEqualsAndAssertNotEquals" name="myMethod1" time="0.002"/>
  <system-out/>
</testsuite> <!-- testNG_SoftAssert.AssertEqualsAndAssertNotEquals -->
