<?xml version="1.0" encoding="UTF-8"?>
<!-- Generated by org.testng.reporters.JUnitReportReporter -->
<testsuite hostname="Shree" failures="0" tests="4" name="testNGKeyWords.EnableUse" time="0.010" errors="0" timestamp="2022-06-13T11:47:26 IST" skipped="0">
  <testcase classname="testNGKeyWords.EnableUse" name="C" time="0.001"/>
  <system-out>
    <![CDATA[C is running]]>
  </system-out>
  <testcase classname="testNGKeyWords.EnableUse" name="A" time="0.009"/>
  <system-out>
    <![CDATA[A is running]]>
  </system-out>
  <testcase classname="testNGKeyWords.EnableUse" name="B" time="0.000"/>
  <system-out>
    <![CDATA[B is running]]>
  </system-out>
  <testcase classname="testNGKeyWords.EnableUse" name="D" time="0.000"/>
  <system-out>
    <![CDATA[D is running]]>
  </system-out>
</testsuite> <!-- testNGKeyWords.EnableUse -->
