<?xml version="1.0" encoding="UTF-8"?>
<!-- Generated by org.testng.reporters.JUnitReportReporter -->
<testsuite hostname="Shree" failures="0" tests="2" name="testNG_Listner.PuneTest" time="0.001" errors="0" timestamp="2022-06-22T12:17:15 IST" skipped="0">
  <testcase classname="testNG_Listner.PuneTest" name="ShivajiNagar" time="0.001"/>
  <system-out>
    <![CDATA[ShivajiNagar TC is running
TC is Sucess.]]>
  </system-out>
  <testcase classname="testNG_Listner.PuneTest" name="Swargate" time="0.000"/>
  <system-out>
    <![CDATA[Swargate TC is running
TC is Sucess.]]>
  </system-out>
</testsuite> <!-- testNG_Listner.PuneTest -->
