<?xml version="1.0" encoding="UTF-8"?>
<!-- Generated by org.testng.reporters.JUnitReportReporter -->
<testsuite hostname="Shree" failures="0" tests="1" name="testNGSerialParallelExecution.MyClass1" time="3.904" errors="0" timestamp="2022-06-23T19:53:14 IST" skipped="0">
  <testcase classname="testNGSerialParallelExecution.MyClass1" name="myMethod1" time="3.904"/>
  <system-out>
    <![CDATA[myMethod1 is running]]>
  </system-out>
</testsuite> <!-- testNGSerialParallelExecution.MyClass1 -->
