<?xml version="1.0" encoding="UTF-8"?>
<!-- Generated by org.testng.reporters.JUnitReportReporter -->
<testsuite hostname="Shree" failures="0" tests="1" name="testNGVerificationUsingAssert.Verification" time="53.485" errors="0" timestamp="2022-06-15T13:05:20 IST" skipped="0">
  <testcase classname="testNGVerificationUsingAssert.Verification" name="myTC" time="53.485"/>
  <system-out>
    <![CDATA[Checkbox is selected TC is passed]]>
  </system-out>
</testsuite> <!-- testNGVerificationUsingAssert.Verification -->
