<?xml version="1.0" encoding="UTF-8"?>
<!-- Generated by org.testng.reporters.JUnitReportReporter -->
<testsuite hostname="Shree" failures="0" tests="1" name="testNGSerialParallelExecution.MyClass3" time="3.699" errors="0" timestamp="2022-06-14T12:42:11 IST" skipped="0">
  <testcase classname="testNGSerialParallelExecution.MyClass3" name="myMethod3" time="3.699"/>
  <system-out>
    <![CDATA[myMethod3 is running]]>
  </system-out>
</testsuite> <!-- testNGSerialParallelExecution.MyClass3 -->
