<?xml version="1.0" encoding="UTF-8"?>
<!-- Generated by org.testng.reporters.JUnitReportReporter -->
<testsuite hostname="Shree" failures="0" tests="3" name="testNG_xml_Study.MyTest2" time="0.002" errors="0" timestamp="2022-06-13T12:38:30 IST" skipped="0">
  <testcase classname="testNG_xml_Study.MyTest2" name="myMethod10" time="0.001"/>
  <system-out>
    <![CDATA[my Method10 is Running]]>
  </system-out>
  <testcase classname="testNG_xml_Study.MyTest2" name="myMethod6" time="0.001"/>
  <system-out>
    <![CDATA[my Method6 is Running]]>
  </system-out>
  <testcase classname="testNG_xml_Study.MyTest2" name="myMethod9" time="0.000"/>
  <system-out>
    <![CDATA[my Method9 is Running]]>
  </system-out>
</testsuite> <!-- testNG_xml_Study.MyTest2 -->
