<?xml version="1.0" encoding="UTF-8"?>
<!-- Generated by org.testng.reporters.JUnitReportReporter -->
<testsuite hostname="Shree" failures="0" tests="3" name="testNG_UsingPOM.VCTCTestNGAssertive" time="36.160" errors="0" timestamp="2022-06-16T15:05:01 IST" skipped="0">
  <testcase classname="testNG_UsingPOM.VCTCTestNGAssertive" name="VerifyCountryField" time="13.103"/>
  <system-out/>
  <testcase classname="testNG_UsingPOM.VCTCTestNGAssertive" name="VerifyText" time="13.204"/>
  <system-out/>
  <testcase classname="testNG_UsingPOM.VCTCTestNGAssertive" name="VerifyRadioButton" time="9.853"/>
  <system-out>
    <![CDATA[Check box is not selected TC is passed]]>
  </system-out>
</testsuite> <!-- testNG_UsingPOM.VCTCTestNGAssertive -->
