<?xml version="1.0" encoding="UTF-8"?>
<!-- Generated by org.testng.reporters.JUnitReportReporter -->
<testsuite hostname="Shree" failures="0" tests="1" name="testNGVerificationUsingAssert.AssertEqualsAndNotEquals" time="0.025" errors="0" timestamp="2022-06-15T14:48:13 IST" skipped="0">
  <testcase classname="testNGVerificationUsingAssert.AssertEqualsAndNotEquals" name="myMethod" time="0.025"/>
  <system-out>
    <![CDATA[Strings are not matching TC is PASSED]]>
  </system-out>
</testsuite> <!-- testNGVerificationUsingAssert.AssertEqualsAndNotEquals -->
