<?xml version="1.0" encoding="UTF-8"?>
<!-- Generated by org.testng.reporters.JUnitReportReporter -->
<testsuite hostname="Shree" failures="0" tests="1" name="testNGSerialParallelExecution.MyClass2" time="4.133" errors="0" timestamp="2022-06-14T12:42:11 IST" skipped="0">
  <testcase classname="testNGSerialParallelExecution.MyClass2" name="myMethod2" time="4.133"/>
  <system-out>
    <![CDATA[myMethod2 is running]]>
  </system-out>
</testsuite> <!-- testNGSerialParallelExecution.MyClass2 -->
