<?xml version="1.0" encoding="UTF-8"?>
<!-- Generated by org.testng.reporters.JUnitReportReporter -->
<testsuite hostname="Shree" failures="0" tests="2" name="testNG.AnnotationStudy1" time="0.010" errors="0" timestamp="2022-06-23T19:42:06 IST" skipped="0">
  <testcase classname="testNG.AnnotationStudy1" name="myTest3" time="0.009"/>
  <system-out>
    <![CDATA[Test methood3 is running]]>
  </system-out>
  <testcase classname="testNG.AnnotationStudy1" name="myTest4" time="0.001"/>
  <system-out>
    <![CDATA[Test methood4 is running]]>
  </system-out>
</testsuite> <!-- testNG.AnnotationStudy1 -->
