<?xml version="1.0" encoding="UTF-8"?>
<!-- Generated by org.testng.reporters.JUnitReportReporter -->
<testsuite hostname="Shree" failures="0" tests="3" name="testNGSerialParallelExecution.myTest" time="12.425" errors="0" timestamp="2022-06-14T12:33:06 IST" skipped="0">
  <testcase classname="testNGSerialParallelExecution.myTest" name="MyMethod1" time="8.166"/>
  <system-out/>
  <testcase classname="testNGSerialParallelExecution.myTest" name="MyMethod3" time="2.432"/>
  <system-out>
    <![CDATA[Mymethod3 is running]]>
  </system-out>
  <testcase classname="testNGSerialParallelExecution.myTest" name="MyMethod2" time="1.827"/>
  <system-out>
    <![CDATA[MyMethod2 is running]]>
  </system-out>
</testsuite> <!-- testNGSerialParallelExecution.myTest -->
