<?xml version="1.0" encoding="UTF-8"?>
<!-- Generated by org.testng.reporters.JUnitReportReporter -->
<testsuite hostname="Shree" failures="0" tests="3" name="testNG.AnnotationStudy" time="0.008" errors="0" timestamp="2022-06-23T19:41:09 IST" skipped="0">
  <testcase classname="testNG.AnnotationStudy" name="myTest" time="0.005"/>
  <system-out>
    <![CDATA[Test methood is running]]>
  </system-out>
  <testcase classname="testNG.AnnotationStudy" name="myTest1" time="0.001"/>
  <system-out>
    <![CDATA[Test methood is running]]>
  </system-out>
  <testcase classname="testNG.AnnotationStudy" name="myTest2" time="0.002"/>
  <system-out>
    <![CDATA[Test methood is running]]>
  </system-out>
</testsuite> <!-- testNG.AnnotationStudy -->
