<?xml version="1.0" encoding="UTF-8"?>
<!-- Generated by org.testng.reporters.JUnitReportReporter -->
<testsuite hostname="Shree" failures="0" tests="4" name="testNGKeyWords.priorityUse" time="0.021" errors="0" timestamp="2022-06-12T23:18:47 IST" skipped="0">
  <testcase classname="testNGKeyWords.priorityUse" name="D" time="0.002"/>
  <system-out>
    <![CDATA[D is running]]>
  </system-out>
  <testcase classname="testNGKeyWords.priorityUse" name="C" time="0.011"/>
  <system-out>
    <![CDATA[C is running]]>
  </system-out>
  <testcase classname="testNGKeyWords.priorityUse" name="B" time="0.003"/>
  <system-out>
    <![CDATA[B is running]]>
  </system-out>
  <testcase classname="testNGKeyWords.priorityUse" name="A" time="0.005"/>
  <system-out>
    <![CDATA[A is running]]>
  </system-out>
</testsuite> <!-- testNGKeyWords.priorityUse -->
